TA6F8 000:000.496   SEGGER J-Link V7.94h Log File
TA6F8 000:000.566   DLL Compiled: Feb  1 2024 11:04:36
TA6F8 000:000.569   Logging started @ 2025-02-24 03:36
TA6F8 000:000.572   Process: C:\Users\Administrator\.eclipse\com.renesas.platform_1156978475\DebugComp\RZ\e2-server-gdb.exe
TA6F8 000:000.577 - 0.575ms
TA6F8 000:000.583 JLINK_GetDLLVersion()
TA6F8 000:000.587 - 0.003ms returns 79408
TA6F8 000:000.969 JLINK_OpenEx(...)
TA6F8 000:009.789   Firmware: J-Link V12 compiled Dec  4 2024 17:53:50
TA6F8 000:010.165   Firmware: J-Link V12 compiled Dec  4 2024 17:53:50
TA6F8 000:011.282   Hardware: V12.00
TA6F8 000:011.316   S/N: 602010532
TA6F8 000:011.330   OEM: SEGGER
TA6F8 000:011.343   Feature(s): RDI, FlashBP, FlashDL, JFlash, GDB
TA6F8 000:013.300   Bootloader: 2022 Oct 19
TA6F8 000:013.503   USB speed mode: High speed (480 MBit/s)
TA6F8 000:013.662   TELNET listener socket opened on port 19021
TA6F8 000:013.775   WEBSRV WEBSRV_Init(): Starting webserver thread(s)
TA6F8 000:013.895   WEBSRV Webserver running on local port 19080
TA6F8 000:014.047   Looking for J-Link GUI Server exe at: C:\Users\Administrator\.eclipse\com.renesas.platform_1156978475\DebugComp\RZ\ARM\Segger_v7.94.8\JLinkGUIServer.exe
TA6F8 000:014.169   Looking for J-Link GUI Server exe at: C:\Program Files\SEGGER\JLink\JLinkGUIServer.exe
TA6F8 000:014.208   Forking J-Link GUI Server: C:\Program Files\SEGGER\JLink\JLinkGUIServer.exe
TA6F8 000:054.302   J-Link GUI Server info: "J-Link GUI server V8.10k "
TA6F8 000:061.668 - 60.693ms returns "O.K."
TA6F8 000:061.774 JLINK_ExecCommand("ProjectFile=E:\E2studio workspace_n2l\01_quickstart/01_quickstart Debug_Flat.jlink", ...). 
TA6F8 000:084.664 - 22.889ms returns 0x00
TA6F8 000:084.965 JLINK_ExecCommand("device=R9A07G084M04", ...). 
TA6F8 000:136.298   Device "R9A07G084M04" selected.
TA6F8 000:136.609 - 51.635ms returns 0x00
TA6F8 000:136.968 JLINK_ExecCommand("SetCPUConnectIDCODE = FFFFFFFFFFFFFFFFFFFFFFFFFFFFFFFF", ...). 
TA6F8 000:136.979 - 0.003ms returns 0x00
TA6F8 000:136.984 JLINK_TIF_GetAvailable(...)
TA6F8 000:137.126 - 0.141ms
TA6F8 000:137.134 JLINK_TIF_Select(JLINKARM_TIF_SWD)
TA6F8 000:137.568 - 0.434ms returns 0x00
TA6F8 000:137.578 JLINK_SetSpeed(4000)
TA6F8 000:137.663 - 0.086ms
TA6F8 000:137.669 JLINK_SetEndian(ARM_ENDIAN_LITTLE)
TA6F8 000:137.672 - 0.003ms returns 0
TA6F8 000:137.677 JLINK_SetInitRegsOnReset(OFF)
TA6F8 000:137.681 - 0.003ms returns 1
TA6F8 000:137.685 JLINK_SetResetType(JLINKARM_RESET_TYPE_NORMAL)
TA6F8 000:137.689 - 0.003ms returns JLINKARM_RESET_TYPE_NORMAL
TA6F8 000:137.694 JLINK_ExecCommand("EnableFlashBPs", ...). 
TA6F8 000:137.699 - 0.000ms returns 0x00
TA6F8 000:137.703 JLINK_ExecCommand("SetAllowFlashCache = 1", ...). 
TA6F8 000:137.708 - 0.000ms returns 0x01
TA6F8 000:137.713 JLINK_ExecCommand("SetRestartOnClose = 0", ...). 
TA6F8 000:137.718 - 0.000ms returns 0x01
TA6F8 000:137.723 JLINK_EnableSoftBPs(ON)
TA6F8 000:137.726 - 0.003ms
TA6F8 000:137.731 JLINK_Connect()
TA6F8 000:138.068   ConfigTargetSettings() start
TA6F8 000:138.077    J-Link Script File: Executing ConfigTargetSettings()
TA6F8 000:138.095   ConfigTargetSettings() end - Took 17us
TA6F8 000:138.100   InitTarget() start
TA6F8 000:138.105    J-Link Script File: Executing InitTarget()
TA6F8 000:139.259   Authenticated device detected. Skipping authentication process.
TA6F8 000:139.272     OCDREG_STATUS: 0x00000001
TA6F8 000:139.278   InitTarget() end - Took 1.17ms
TA6F8 000:139.571   Found SW-DP with ID 0x6BA02477
TA6F8 000:140.372   DPIDR: 0x6BA02477
TA6F8 000:140.385   CoreSight SoC-400 or earlier
TA6F8 000:140.393   AP map detection skipped. Manually configured AP map found.
TA6F8 000:140.399   AP[0]: APB-AP (IDR: Not set)
TA6F8 000:140.403   AP[1]: APB-AP (IDR: Not set)
TA6F8 000:140.408   AP[2]: AXI-AP (IDR: Not set)
TA6F8 000:140.413   Using preconfigured AP[1] as APB-AP
TA6F8 000:140.417   AP[1]: APB-AP found
TA6F8 000:140.422   DebugRegs + CTI manually specified. ROM table scan skipped.
TA6F8 000:140.850   Cortex-R52 @ 0x80410000 (configured)
TA6F8 000:140.890   CoreCTI @ 0x80420000 (configured)
TA6F8 000:141.418   Debug architecture: ARMv8.0
TA6F8 000:141.465   8 code breakpoints, 8 data breakpoints
TA6F8 000:141.642   Processor features:
TA6F8 000:141.648     EL0 support: AArch32
TA6F8 000:141.653     EL1 support: AArch32
TA6F8 000:141.657     EL2 support: AArch32
TA6F8 000:141.662     EL3 support: N/A
TA6F8 000:141.666     FPU support: Single + Double + Conversion
TA6F8 000:141.877   -- Max. mem block: 0x00005AB0
TA6F8 000:148.712   Current exception level: EL1
TA6F8 000:148.729   Exception level AArch usage:
TA6F8 000:148.733     EL0: AArch32
TA6F8 000:148.738     EL1: AArch32
TA6F8 000:148.742     EL2: AArch32
TA6F8 000:148.747     EL3: AArch32
TA6F8 000:148.751   Non-secure status: Non-secure
TA6F8 000:148.970   Cache info:
TA6F8 000:148.976     Inner cache boundary: none
TA6F8 000:148.981     LoU Uniprocessor: 1
TA6F8 000:148.985     LoC: 1
TA6F8 000:148.990     LoU Inner Shareable: 1
TA6F8 000:149.671   I-Cache L1: 16 KB, 64 Sets, 64 Bytes/Line, 4-Way
TA6F8 000:149.701   D-Cache L1: 16 KB, 64 Sets, 64 Bytes/Line, 4-Way
TA6F8 000:149.739 - 12.008ms returns 0x00
TA6F8 000:149.748 JLINK_Halt()
TA6F8 000:149.753 - 0.004ms returns 0x00
TA6F8 000:149.757 JLINK_IsHalted()
TA6F8 000:149.763 - 0.006ms returns TRUE
TA6F8 000:149.767 JLINK_ResetPullsRESET(ON)
TA6F8 000:149.770 - 0.003ms
TA6F8 000:149.774 JLINK_Reset()
TA6F8 000:149.783   ResetTarget() start
TA6F8 000:149.788    J-Link Script File: Executing ResetTarget()
TA6F8 000:149.793   Reset: Halt core immediately after reset using reset catch.
TA6F8 000:352.497   Authenticated device detected. Skipping authentication process.
TA6F8 000:352.517     OCDREG_STATUS: 0x00000001
TA6F8 000:353.262   Disabled core power domain detected.
TA6F8 000:354.291   Enabling debug mode...
TA6F8 000:355.094   ResetTarget() end - Took 205ms
TA6F8 000:362.374 - 212.599ms
TA6F8 000:362.730 JLINK_IsHalted()
TA6F8 000:362.737 - 0.006ms returns TRUE
TA6F8 000:363.024 JLINK_MeasureCPUSpeed(RAMAddr = 0xFFFFFFFF)
TA6F8 000:363.030 - 0.006ms returns 0
TA6F8 000:363.140 JLINK_ReadReg(AARCH32_CPSR)
TA6F8 000:363.149 - 0.009ms returns 0x20000033
T446C 002:538.792 JLINK_BeginDownload(Flags = 0x00000000)
T446C 002:538.824 - 0.032ms
T446C 002:551.445 JLINK_IsHalted()
T446C 002:551.704 - 0.258ms returns TRUE
T446C 002:551.734 JLINK_WriteMem(0x60000000, 0x4C Bytes, ...)
T446C 002:551.738   Data:  00 00 00 00 00 00 00 00 00 00 00 00 00 00 00 00 ...
T446C 002:552.033   completely In flash
T446C 002:552.040 - 0.306ms returns 0x4C
T446C 002:552.479 JLINK_IsHalted()
T446C 002:552.491 - 0.011ms returns TRUE
T446C 002:552.495 JLINK_WriteMem(0x6000004C, 0xBB4 Bytes, ...)
T446C 002:552.499   Data:  83 07 0B E3 00 00 40 E3 30 0F 81 EE 11 1F 91 EE ...
T446C 002:552.508   completely In flash
T446C 002:552.513 - 0.017ms returns 0xBB4
T446C 002:552.676 JLINK_IsHalted()
T446C 002:552.682 - 0.006ms returns TRUE
T446C 002:552.687 JLINK_WriteMem(0x60000C00, 0x44C Bytes, ...)
T446C 002:552.690   Data:  03 13 F0 E7 13 F8 00 C0 01 22 8A 40 D2 B2 4C EA ...
T446C 002:552.699   completely In flash
T446C 002:552.704 - 0.017ms returns 0x44C
T446C 002:552.831 JLINK_IsHalted()
T446C 002:552.840 - 0.009ms returns TRUE
T446C 002:552.845 JLINK_WriteMem(0x6000104C, 0x190 Bytes, ...)
T446C 002:552.848   Data:  12 00 00 00 C7 FF 01 00 12 00 10 00 C7 FF 11 00 ...
T446C 002:552.855   completely In flash
T446C 002:552.860 - 0.015ms returns 0x190
T446C 002:553.082 JLINK_IsHalted()
T446C 002:553.092 - 0.010ms returns TRUE
T446C 002:553.097 JLINK_WriteMem(0x600011DC, 0x40 Bytes, ...)
T446C 002:553.100   Data:  18 F0 9F E5 18 F0 9F E5 18 F0 9F E5 18 F0 9F E5 ...
T446C 002:553.106   completely In flash
T446C 002:553.112 - 0.014ms returns 0x40
T446C 002:553.361 JLINK_IsHalted()
T446C 002:553.367 - 0.005ms returns TRUE
T446C 002:553.371 JLINK_WriteMem(0x6000121C, 0x290 Bytes, ...)
T446C 002:553.375   Data:  08 B5 4F F4 7A 71 C8 20 00 F0 29 F8 4F F4 7A 71 ...
T446C 002:553.381   completely In flash
T446C 002:553.397 - 0.025ms returns 0x290
T446C 002:553.670 JLINK_IsHalted()
T446C 002:553.686 - 0.015ms returns TRUE
T446C 002:553.693 JLINK_WriteMem(0x600014AC, 0x8 Bytes, ...)
T446C 002:553.699   Data:  C8 FE FF 7F 01 00 00 00
T446C 002:553.709   completely In flash
T446C 002:553.717 - 0.024ms returns 0x8
T446C 002:553.920 JLINK_IsHalted()
T446C 002:553.932 - 0.011ms returns TRUE
T446C 002:553.939 JLINK_WriteMem(0x600014B4, 0x4 Bytes, ...)
T446C 002:553.945   Data:  00 00 00 00
T446C 002:553.954   completely In flash
T446C 002:553.962 - 0.022ms returns 0x4
T446C 002:554.182 JLINK_IsHalted()
T446C 002:554.193 - 0.011ms returns TRUE
T446C 002:554.200 JLINK_WriteMem(0x600014B8, 0x2D4 Bytes, ...)
T446C 002:554.206   Data:  00 00 00 00 00 00 00 00 00 00 00 00 00 00 00 00 ...
T446C 002:554.215   completely In flash
T446C 002:554.223 - 0.023ms returns 0x2D4
T446C 002:565.074 JLINK_EndDownload()
T446C 002:565.277    -- --------------------------------------
T446C 002:565.297    -- Flash bank @ 0x60000000: Default: L2 verify disabled because algorithm performs L1 verify
T446C 002:565.302    -- Start of determining flash info (Bank @ 0x60000000)
T446C 002:565.315    -- Calculating RAM usage
T446C 002:565.400    -- RAM usage = 12192 Bytes
T446C 002:565.405    -- Preserving CPU registers
T446C 002:565.420    -- Preparing target
T446C 002:565.425    -- Preserving target RAM temporarily used for programming
T446C 002:740.335    -- Downloading RAMCode
T446C 002:877.052    -- Preparing RAMCode
T446C 002:924.362    -- End of determining flash info
T446C 002:924.380    -- Start of determining dirty areas in flash cache
T446C 002:924.387    -- Filling invalid ranges in sector buffer (flash cache) for sector @ 0x60000000 if necessary
T446C 002:925.289    -- End of determining dirty areas
T446C 002:925.296    -- Start of preparing flash programming
T446C 002:925.301    -- Recalculating RAMUsage for optimal performance during programming
T446C 002:925.314    -- RAM usage changed from 12192 to 16288 Bytes
T446C 002:984.930    -- End of preparing flash programming
T446C 002:991.325    -- CPU speed could not be measured.
T446C 002:991.348    -- Start of comparing flash
T446C 002:991.356    -- CRC check was estimated as fastest method
T446C 003:083.264    -- Comparing range 0x60000000 - 0x6000FFFF (1 Sector, 64 KB), using single-block CRC calculation
T446C 003:108.554    -- CRC matches
T446C 003:108.716    -- Comparing range 0x60000000 - 0x6000FFFF (1 Sector, 64 KB), using alternative single-block CRC calculation
T446C 003:130.925    -- CRC matches
T446C 003:130.944    -- End of comparing flash
T446C 003:130.951    -- Start of erasing sectors
T446C 003:130.956    -- End of erasing sectors
T446C 003:130.960    -- Start of flash programming
T446C 003:130.965    -- End of flash programming
T446C 003:130.969    -- Start of restoring
T446C 003:130.975    -- Restoring RAMCode
T446C 003:139.031    -- Restoring target memory
T446C 003:195.953    -- Restore target
T446C 003:195.972    -- Restoring CPU registers
T446C 003:195.991    -- End of restoring
T446C 003:195.997    -- Bank 0 @ 0x60000000: Skipped. Contents already match
T446C 003:196.002    -- Bank 0 @ 0x60000000: Skipped. Contents already match
T446C 003:222.345 - 657.269ms returns 0 (0x0)
T446C 003:223.330 JLINK_WriteReg(AARCH32_PC, 0x00102000)
T446C 003:223.404 - 0.074ms returns 0
T446C 003:223.628 JLINK_SetEndian(ARM_ENDIAN_LITTLE)
T446C 003:223.655 - 0.027ms returns 0
T446C 003:224.882 JLINK_ResetPullsRESET(ON)
T446C 003:224.898 - 0.015ms
T446C 003:224.904 JLINK_Halt()
T446C 003:224.911 - 0.006ms returns 0x00
T446C 003:224.916 JLINK_IsHalted()
T446C 003:224.925 - 0.008ms returns TRUE
T446C 003:224.931 JLINK_Reset()
T446C 003:224.956   ResetTarget() start
T446C 003:224.964    J-Link Script File: Executing ResetTarget()
T446C 003:224.973   Reset: Halt core immediately after reset using reset catch.
T446C 003:428.617   Authenticated device detected. Skipping authentication process.
T446C 003:428.654     OCDREG_STATUS: 0x00000001
T446C 003:429.427   Disabled core power domain detected.
T446C 003:430.546   Enabling debug mode...
T446C 003:431.431   ResetTarget() end - Took 206ms
T446C 003:438.683 - 213.751ms
T446C 003:438.733 JLINK_SetEndian(ARM_ENDIAN_LITTLE)
T446C 003:438.744 - 0.011ms returns 0
T446C 003:452.090 JLINK_IsHalted()
T446C 003:452.108 - 0.018ms returns TRUE
T446C 003:452.112 JLINK_ReadMem(0x00102000, 0x4 Bytes, ...)
T446C 003:452.127   CPU_ReadMem(4 bytes @ 0x00102000)
T446C 003:452.810   Data:  83 07 0B E3
T446C 003:452.816 - 0.704ms returns 0
T446C 003:465.458 JLINK_IsHalted()
T446C 003:465.486 - 0.027ms returns TRUE
T446C 003:465.494 JLINK_ReadMem(0x00102000, 0x4 Bytes, ...)
T446C 003:465.517   CPU_ReadMem(4 bytes @ 0x00102000)
T446C 003:466.251   Data:  83 07 0B E3
T446C 003:466.264 - 0.769ms returns 0
T446C 003:467.527 JLINK_IsHalted()
T446C 003:467.540 - 0.013ms returns TRUE
T446C 003:467.544 JLINK_ReadMem(0x00000102, 0x2 Bytes, ...)
T446C 003:467.555   CPU_ReadMem(2 bytes @ 0x00000102)
T446C 003:468.185   Data:  4F F4
T446C 003:468.196 - 0.651ms returns 0
T446C 003:468.321 JLINK_IsHalted()
T446C 003:468.329 - 0.007ms returns TRUE
T446C 003:468.333 JLINK_ReadMem(0x00000100, 0x40 Bytes, ...)
T446C 003:468.340   CPU_ReadMem(64 bytes @ 0x00000100)
T446C 003:469.926   Data:  08 B5 4F F4 7A 71 C8 20 00 F0 29 F8 4F F4 7A 71 ...
T446C 003:469.965 - 1.631ms returns 0
T446C 003:470.266 JLINK_IsHalted()
T446C 003:470.275 - 0.009ms returns TRUE
T446C 003:470.279 JLINK_ReadMem(0x00000102, 0x2 Bytes, ...)
T446C 003:470.287   CPU_ReadMem(2 bytes @ 0x00000102)
T446C 003:470.799   Data:  4F F4
T446C 003:470.805 - 0.525ms returns 0
T446C 003:471.077 JLINK_GetNumBPUnits(Type = 0xFFFFFF00)
T446C 003:471.081 - 0.004ms returns 0x08
T446C 003:471.085 JLINK_GetNumWPUnits()
T446C 003:471.088 - 0.003ms returns 8
T446C 003:471.094 JLINK_GetNumBPUnits(Type = 0xFFFFFF00)
T446C 003:471.097 - 0.003ms returns 0x08
T446C 003:471.100 JLINK_GetNumWPUnits()
T446C 003:471.103 - 0.002ms returns 8
T446C 003:471.109 JLINK_GetNumBPUnits(Type = 0xFFFFFF00)
T446C 003:471.112 - 0.003ms returns 0x08
T446C 003:471.115 JLINK_GetNumWPUnits()
T446C 003:471.118 - 0.003ms returns 8
T446C 003:471.147 JLINK_SetBPEx(Addr = 0x00000102, Type = 0xFFFFFF00)
T446C 003:471.153 - 0.005ms returns 0x00000001
T446C 004:332.957 JLINK_ClrBPEx(BPHandle = 0x00000001)
T446C 004:333.239 - 0.281ms returns 0x00
T446C 004:333.257 JLINK_SetBPEx(Addr = 0x00000102, Type = 0xFFFFFF00)
T446C 004:333.264 - 0.007ms returns 0x00000002
T446C 004:333.269 JLINK_SetBPEx(Addr = 0x00000142, Type = 0xFFFFFF00)
T446C 004:333.272 - 0.003ms returns 0x00000003
T446C 004:333.280 JLINK_ClrBPEx(BPHandle = 0x00000002)
T446C 004:333.283 - 0.003ms returns 0x00
T446C 004:333.287 JLINK_ClrBPEx(BPHandle = 0x00000003)
T446C 004:333.291 - 0.003ms returns 0x00
T446C 004:333.295 JLINK_SetBPEx(Addr = 0x00000102, Type = 0xFFFFFF00)
T446C 004:333.299 - 0.003ms returns 0x00000004
T446C 004:344.947 JLINK_IsHalted()
T446C 004:345.002 - 0.055ms returns TRUE
T446C 004:345.010 JLINK_ReadMem(0x00000140, 0x40 Bytes, ...)
T446C 004:345.038   CPU_ReadMem(64 bytes @ 0x00000140)
T446C 004:346.642   Data:  E4 E7 08 B5 FF F7 DC FF 00 20 08 BD A0 F1 01 00 ...
T446C 004:346.656 - 1.645ms returns 0
T446C 004:347.220 JLINK_IsHalted()
T446C 004:347.235 - 0.015ms returns TRUE
T446C 004:347.240 JLINK_ReadMem(0x00000144, 0x2 Bytes, ...)
T446C 004:347.253   CPU_ReadMem(2 bytes @ 0x00000144)
T446C 004:347.780   Data:  FF F7
T446C 004:347.793 - 0.553ms returns 0
T446C 004:348.091 JLINK_ClrBPEx(BPHandle = 0x00000004)
T446C 004:348.100 - 0.009ms returns 0x00
T446C 004:348.107 JLINK_SetBPEx(Addr = 0x00000102, Type = 0xFFFFFF00)
T446C 004:348.111 - 0.004ms returns 0x00000005
T446C 004:348.115 JLINK_SetBPEx(Addr = 0x00000144, Type = 0xFFFFFF00)
T446C 004:348.118 - 0.003ms returns 0x00000006
T446C 004:424.848 JLINK_ReadRegs(NumRegs = 17, Indexes: 116, 117, 118, 119, 120, 121, 122, 123, 189, 190, 191, 192, 193, 194, 195, 147, 149)
T446C 004:424.890    -- AARCH32_R0=0x67D852, AARCH32_R1=0x00, AARCH32_R2=0x00, AARCH32_R3=0x00, AARCH32_R4=0x102000, AARCH32_R5=0x78FB261, AARCH32_R6=0x79D51D7, AARCH32_R7=0x78787A8, AARCH32_R8=0x74759F7, AARCH32_R9=0x78787A8, AARCH32_R10=0xF8704D9E, AARCH32_R11=0x00, AARCH32_R12=0x00, AARCH32_R13=0x103960, AARCH32_R14=0x15D, AARCH32_PC=0x150, AARCH32_CPSR=0x20000033
T446C 004:424.985 - 0.137ms returns 0x00
T446C 004:426.706 JLINK_IsHalted()
T446C 004:426.727 - 0.021ms returns TRUE
T446C 004:426.732 JLINK_ReadMem(0x00000150, 0x4 Bytes, ...)
T446C 004:426.752   CPU_ReadMem(4 bytes @ 0x00000150)
T446C 004:427.486   Data:  00 28 FB D1
T446C 004:427.500 - 0.768ms returns 0
T446C 004:428.022 JLINK_IsHalted()
T446C 004:428.035 - 0.013ms returns TRUE
T446C 004:428.040 JLINK_ReadMem(0x0000015C, 0x4 Bytes, ...)
T446C 004:428.049   CPU_ReadMem(4 bytes @ 0x0000015C)
T446C 004:428.748   Data:  08 BD 08 B5
T446C 004:428.760 - 0.720ms returns 0
T446C 004:428.927 JLINK_IsHalted()
T446C 004:428.934 - 0.006ms returns TRUE
T446C 004:428.938 JLINK_ReadMem(0x00103940, 0x40 Bytes, ...)
T446C 004:428.945   CPU_ReadMem(64 bytes @ 0x00103940)
T446C 004:430.514   Data:  61 B2 8F 07 D7 51 9D 07 A8 87 87 07 F7 59 47 07 ...
T446C 004:430.527 - 1.589ms returns 0
T446C 004:430.755 JLINK_IsHalted()
T446C 004:430.766 - 0.010ms returns TRUE
T446C 004:430.770 JLINK_ReadMem(0x000001E4, 0x4 Bytes, ...)
T446C 004:430.778   CPU_ReadMem(4 bytes @ 0x000001E4)
T446C 004:431.494   Data:  08 BD 92 00
T446C 004:431.506 - 0.735ms returns 0
T9F84 004:448.936 JLINK_GetNumBPUnits(Type = 0xFFFFFF00)
T9F84 004:448.956 - 0.020ms returns 0x08
T9F84 004:448.961 JLINK_GetNumWPUnits()
T9F84 004:448.964 - 0.003ms returns 8
T9F84 004:449.252 JLINK_GetNumBPUnits(Type = 0xFFFFFF00)
T9F84 004:449.284 - 0.033ms returns 0x08
T9F84 004:449.289 JLINK_GetNumWPUnits()
T9F84 004:449.292 - 0.003ms returns 8
T9F84 004:449.740 JLINK_GetNumBPUnits(Type = 0xFFFFFF00)
T9F84 004:449.750 - 0.010ms returns 0x08
T9F84 004:449.754 JLINK_GetNumWPUnits()
T9F84 004:449.759 - 0.004ms returns 8
T9F84 004:450.488 JLINK_GetNumBPUnits(Type = 0xFFFFFF00)
T9F84 004:450.509 - 0.020ms returns 0x08
T9F84 004:450.517 JLINK_GetNumWPUnits()
T9F84 004:450.522 - 0.005ms returns 8
T9F84 004:451.151 JLINK_GetNumBPUnits(Type = 0xFFFFFF00)
T9F84 004:451.161 - 0.010ms returns 0x08
T9F84 004:451.165 JLINK_GetNumWPUnits()
T9F84 004:451.168 - 0.003ms returns 8
T9F84 004:451.325 JLINK_GetNumBPUnits(Type = 0xFFFFFF00)
T9F84 004:451.341 - 0.015ms returns 0x08
T9F84 004:451.348 JLINK_GetNumWPUnits()
T9F84 004:451.354 - 0.006ms returns 8
T9F84 004:451.634 JLINK_GetNumBPUnits(Type = 0xFFFFFF00)
T9F84 004:451.642 - 0.008ms returns 0x08
T9F84 004:451.646 JLINK_GetNumWPUnits()
T9F84 004:451.649 - 0.003ms returns 8
T9F84 004:451.784 JLINK_GetNumBPUnits(Type = 0xFFFFFF00)
T9F84 004:451.794 - 0.010ms returns 0x08
T9F84 004:451.798 JLINK_GetNumWPUnits()
T9F84 004:451.801 - 0.003ms returns 8
T446C 005:702.329 JLINK_IsHalted()
T446C 005:702.586 - 0.256ms returns TRUE
T446C 005:702.594 JLINK_ReadMem(0x00000150, 0x4 Bytes, ...)
T446C 005:702.608   CPU_ReadMem(4 bytes @ 0x00000150)
T446C 005:703.329   Data:  00 28 FB D1
T446C 005:703.338 - 0.744ms returns 0
T446C 005:703.562 JLINK_IsHalted()
T446C 005:703.568 - 0.005ms returns TRUE
T446C 005:703.572 JLINK_ReadMem(0x0000015C, 0x4 Bytes, ...)
T446C 005:703.580   CPU_ReadMem(4 bytes @ 0x0000015C)
T446C 005:704.304   Data:  08 BD 08 B5
T446C 005:704.316 - 0.744ms returns 0
T446C 005:704.474 JLINK_IsHalted()
T446C 005:704.480 - 0.005ms returns TRUE
T446C 005:704.484 JLINK_ReadMem(0x00103940, 0x40 Bytes, ...)
T446C 005:704.491   CPU_ReadMem(64 bytes @ 0x00103940)
T446C 005:706.055   Data:  61 B2 8F 07 D7 51 9D 07 A8 87 87 07 F7 59 47 07 ...
T446C 005:706.065 - 1.580ms returns 0
T446C 005:706.356 JLINK_IsHalted()
T446C 005:706.366 - 0.010ms returns TRUE
T446C 005:706.370 JLINK_ReadMem(0x000001E4, 0x4 Bytes, ...)
T446C 005:706.377   CPU_ReadMem(4 bytes @ 0x000001E4)
T446C 005:707.025   Data:  08 BD 92 00
T446C 005:707.033 - 0.663ms returns 0
T446C 005:707.199 JLINK_IsHalted()
T446C 005:707.209 - 0.009ms returns TRUE
T446C 005:707.213 JLINK_ReadMem(0x0000010C, 0x4 Bytes, ...)
T446C 005:707.219   CPU_ReadMem(4 bytes @ 0x0000010C)
T446C 005:707.913   Data:  4F F4 7A 71
T446C 005:707.921 - 0.708ms returns 0
T446C 005:708.091 JLINK_IsHalted()
T446C 005:708.101 - 0.009ms returns TRUE
T446C 005:708.105 JLINK_ReadMem(0x00000148, 0x4 Bytes, ...)
T446C 005:708.112   CPU_ReadMem(4 bytes @ 0x00000148)
T446C 005:708.817   Data:  00 20 08 BD
T446C 005:708.825 - 0.719ms returns 0
T446C 008:986.720 JLINK_ResetPullsRESET(ON)
T446C 008:986.749 - 0.029ms
T446C 008:986.757 JLINK_Halt()
T446C 008:987.073 - 0.315ms returns 0x00
T446C 008:987.091 JLINK_IsHalted()
T446C 008:987.096 - 0.005ms returns TRUE
T446C 008:987.101 JLINK_Reset()
T446C 008:987.113   ResetTarget() start
T446C 008:987.118    J-Link Script File: Executing ResetTarget()
T446C 008:987.123   Reset: Halt core immediately after reset using reset catch.
T446C 009:190.692   Authenticated device detected. Skipping authentication process.
T446C 009:190.739     OCDREG_STATUS: 0x00000001
T446C 009:191.467   Disabled core power domain detected.
T446C 009:192.607   Enabling debug mode...
T446C 009:193.465   ResetTarget() end - Took 206ms
T446C 009:200.749 - 213.648ms
T446C 009:200.765 JLINK_SetEndian(ARM_ENDIAN_LITTLE)
T446C 009:200.769 - 0.003ms returns 0
T446C 009:317.019 JLINK_IsHalted()
T446C 009:317.051 - 0.031ms returns TRUE
T446C 009:317.065 JLINK_ReadReg(AARCH32_PC)
T446C 009:317.072 - 0.006ms returns 0x0000014C
T446C 009:317.080 JLINK_ReadReg(AARCH32_CPSR)
T446C 009:317.084 - 0.003ms returns 0x20000033
T446C 009:317.088 JLINK_ReadReg(AARCH32_PC)
T446C 009:317.091 - 0.003ms returns 0x0000014C
T446C 009:317.095 JLINK_ReadReg(AARCH32_CPSR)
T446C 009:317.098 - 0.003ms returns 0x20000033
T446C 009:317.102 JLINK_IsHalted()
T446C 009:317.105 - 0.003ms returns TRUE
T446C 009:317.109 JLINK_ReadReg(AARCH32_CPSR)
T446C 009:317.113 - 0.003ms returns 0x20000033
T446C 009:317.116 JLINK_ReadReg(AARCH32_PC)
T446C 009:317.120 - 0.003ms returns 0x0000014C
T446C 009:317.124 JLINK_ReadReg(AARCH32_CPSR)
T446C 009:317.127 - 0.003ms returns 0x20000033
T446C 009:317.587 JLINK_ReadRegs(NumRegs = 17, Indexes: 116, 117, 118, 119, 120, 121, 122, 123, 189, 190, 191, 192, 193, 194, 195, 147, 149)
T446C 009:317.601    -- AARCH32_R0=0x67449F, AARCH32_R1=0x00, AARCH32_R2=0x00, AARCH32_R3=0x00, AARCH32_R4=0x102000, AARCH32_R5=0x78FB261, AARCH32_R6=0x79D51D7, AARCH32_R7=0x78787A8, AARCH32_R8=0x74759F7, AARCH32_R9=0x78787A8, AARCH32_R10=0xF8704D9E, AARCH32_R11=0x00, AARCH32_R12=0x00, AARCH32_R13=0x103960, AARCH32_R14=0x15D, AARCH32_PC=0x14C, AARCH32_CPSR=0x20000033
T446C 009:317.607 - 0.020ms returns 0x00
T446C 009:318.470 JLINK_IsHalted()
T446C 009:318.489 - 0.018ms returns TRUE
T446C 009:318.494 JLINK_ReadMem(0x0000014C, 0x4 Bytes, ...)
T446C 009:318.513   CPU_ReadMem(4 bytes @ 0x0000014C)
T446C 009:319.270   Data:  A0 F1 01 00
T446C 009:319.283 - 0.789ms returns 0
T446C 009:319.619 JLINK_IsHalted()
T446C 009:319.631 - 0.011ms returns TRUE
T446C 009:319.635 JLINK_ReadMem(0x0000015C, 0x4 Bytes, ...)
T446C 009:319.644   CPU_ReadMem(4 bytes @ 0x0000015C)
T446C 009:320.328   Data:  08 BD 08 B5
T446C 009:320.336 - 0.701ms returns 0
T446C 009:320.657 JLINK_IsHalted()
T446C 009:320.675 - 0.018ms returns TRUE
T446C 009:320.683 JLINK_ReadMem(0x00103940, 0x40 Bytes, ...)
T446C 009:320.697   CPU_ReadMem(64 bytes @ 0x00103940)
T446C 009:322.286   Data:  61 B2 8F 07 D7 51 9D 07 A8 87 87 07 F7 59 47 07 ...
T446C 009:322.318 - 1.634ms returns 0
T446C 009:322.652 JLINK_IsHalted()
T446C 009:322.663 - 0.010ms returns TRUE
T446C 009:322.668 JLINK_ReadMem(0x000001E4, 0x4 Bytes, ...)
T446C 009:322.678   CPU_ReadMem(4 bytes @ 0x000001E4)
T446C 009:323.406   Data:  08 BD 92 00
T446C 009:323.416 - 0.747ms returns 0
T446C 009:345.189 JLINK_IsHalted()
T446C 009:345.211 - 0.021ms returns TRUE
T446C 009:345.215 JLINK_ReadMem(0x0000014C, 0x4 Bytes, ...)
T446C 009:345.231   CPU_ReadMem(4 bytes @ 0x0000014C)
T446C 009:345.997   Data:  A0 F1 01 00
T446C 009:346.015 - 0.799ms returns 0
T446C 009:346.287 JLINK_IsHalted()
T446C 009:346.299 - 0.012ms returns TRUE
T446C 009:346.304 JLINK_ReadMem(0x0000015C, 0x4 Bytes, ...)
T446C 009:346.313   CPU_ReadMem(4 bytes @ 0x0000015C)
T446C 009:347.017   Data:  08 BD 08 B5
T446C 009:347.028 - 0.724ms returns 0
T446C 009:347.207 JLINK_IsHalted()
T446C 009:347.217 - 0.009ms returns TRUE
T446C 009:347.221 JLINK_ReadMem(0x00103940, 0x40 Bytes, ...)
T446C 009:347.229   CPU_ReadMem(64 bytes @ 0x00103940)
T446C 009:348.756   Data:  61 B2 8F 07 D7 51 9D 07 A8 87 87 07 F7 59 47 07 ...
T446C 009:348.767 - 1.545ms returns 0
T446C 009:349.028 JLINK_IsHalted()
T446C 009:349.038 - 0.010ms returns TRUE
T446C 009:349.043 JLINK_ReadMem(0x000001E4, 0x4 Bytes, ...)
T446C 009:349.050   CPU_ReadMem(4 bytes @ 0x000001E4)
T446C 009:349.731   Data:  08 BD 92 00
T446C 009:349.741 - 0.698ms returns 0
T446C 009:349.918 JLINK_IsHalted()
T446C 009:349.924 - 0.006ms returns TRUE
T446C 009:349.929 JLINK_ReadMem(0x0000010C, 0x4 Bytes, ...)
T446C 009:349.936   CPU_ReadMem(4 bytes @ 0x0000010C)
T446C 009:350.627   Data:  4F F4 7A 71
T446C 009:350.634 - 0.705ms returns 0
T446C 009:350.786 JLINK_IsHalted()
T446C 009:350.791 - 0.005ms returns TRUE
T446C 009:350.795 JLINK_ReadMem(0x00000148, 0x4 Bytes, ...)
T446C 009:350.801   CPU_ReadMem(4 bytes @ 0x00000148)
T446C 009:351.522   Data:  00 20 08 BD
T446C 009:351.529 - 0.734ms returns 0
T446C 010:287.779 JLINK_ResetPullsRESET(ON)
T446C 010:287.806 - 0.027ms
T446C 010:287.813 JLINK_Halt()
T446C 010:288.111 - 0.296ms returns 0x00
T446C 010:288.135 JLINK_IsHalted()
T446C 010:288.142 - 0.007ms returns TRUE
T446C 010:288.147 JLINK_Reset()
T446C 010:288.163   ResetTarget() start
T446C 010:288.169    J-Link Script File: Executing ResetTarget()
T446C 010:288.175   Reset: Halt core immediately after reset using reset catch.
T446C 010:492.618   Authenticated device detected. Skipping authentication process.
T446C 010:492.647     OCDREG_STATUS: 0x00000001
T446C 010:493.399   Disabled core power domain detected.
T446C 010:494.541   Enabling debug mode...
T446C 010:495.342   ResetTarget() end - Took 207ms
T446C 010:502.751 - 214.601ms
T446C 010:502.791 JLINK_SetEndian(ARM_ENDIAN_LITTLE)
T446C 010:502.796 - 0.005ms returns 0
T446C 010:629.520 JLINK_IsHalted()
T446C 010:629.576 - 0.056ms returns TRUE
T446C 010:629.588 JLINK_ReadReg(AARCH32_PC)
T446C 010:629.599 - 0.010ms returns 0x00000150
T446C 010:629.609 JLINK_ReadReg(AARCH32_CPSR)
T446C 010:629.616 - 0.006ms returns 0x20000033
T446C 010:629.623 JLINK_ReadReg(AARCH32_PC)
T446C 010:629.629 - 0.005ms returns 0x00000150
T446C 010:629.636 JLINK_ReadReg(AARCH32_CPSR)
T446C 010:629.642 - 0.005ms returns 0x20000033
T446C 010:629.648 JLINK_IsHalted()
T446C 010:629.654 - 0.005ms returns TRUE
T446C 010:629.660 JLINK_ReadReg(AARCH32_CPSR)
T446C 010:629.666 - 0.006ms returns 0x20000033
T446C 010:629.673 JLINK_ReadReg(AARCH32_PC)
T446C 010:629.679 - 0.005ms returns 0x00000150
T446C 010:629.686 JLINK_ReadReg(AARCH32_CPSR)
T446C 010:629.692 - 0.005ms returns 0x20000033
T446C 010:630.429 JLINK_ReadRegs(NumRegs = 17, Indexes: 116, 117, 118, 119, 120, 121, 122, 123, 189, 190, 191, 192, 193, 194, 195, 147, 149)
T446C 010:630.462    -- AARCH32_R0=0x67D93D, AARCH32_R1=0x00, AARCH32_R2=0x00, AARCH32_R3=0x00, AARCH32_R4=0x102000, AARCH32_R5=0x78FB261, AARCH32_R6=0x79D51D7, AARCH32_R7=0x78787A8, AARCH32_R8=0x74759F7, AARCH32_R9=0x78787A8, AARCH32_R10=0xF8704D9E, AARCH32_R11=0x00, AARCH32_R12=0x00, AARCH32_R13=0x103960, AARCH32_R14=0x15D, AARCH32_PC=0x150, AARCH32_CPSR=0x20000033
T446C 010:630.472 - 0.042ms returns 0x00
T446C 010:631.477 JLINK_IsHalted()
T446C 010:631.499 - 0.021ms returns TRUE
T446C 010:631.508 JLINK_ReadMem(0x00000150, 0x4 Bytes, ...)
T446C 010:631.531   CPU_ReadMem(4 bytes @ 0x00000150)
T446C 010:632.418   Data:  00 28 FB D1
T446C 010:632.440 - 0.932ms returns 0
T446C 010:632.972 JLINK_IsHalted()
T446C 010:632.985 - 0.012ms returns TRUE
T446C 010:632.995 JLINK_ReadMem(0x0000015C, 0x4 Bytes, ...)
T446C 010:633.014   CPU_ReadMem(4 bytes @ 0x0000015C)
T446C 010:633.781   Data:  08 BD 08 B5
T446C 010:633.805 - 0.809ms returns 0
T446C 010:634.044 JLINK_IsHalted()
T446C 010:634.056 - 0.011ms returns TRUE
T446C 010:634.065 JLINK_ReadMem(0x00103940, 0x40 Bytes, ...)
T446C 010:634.080   CPU_ReadMem(64 bytes @ 0x00103940)
T446C 010:635.620   Data:  61 B2 8F 07 D7 51 9D 07 A8 87 87 07 F7 59 47 07 ...
T446C 010:635.640 - 1.574ms returns 0
T446C 010:635.856 JLINK_IsHalted()
T446C 010:635.868 - 0.011ms returns TRUE
T446C 010:635.878 JLINK_ReadMem(0x000001E4, 0x4 Bytes, ...)
T446C 010:635.894   CPU_ReadMem(4 bytes @ 0x000001E4)
T446C 010:636.579   Data:  08 BD 92 00
T446C 010:636.599 - 0.720ms returns 0
T446C 010:658.791 JLINK_IsHalted()
T446C 010:658.810 - 0.018ms returns TRUE
T446C 010:658.814 JLINK_ReadMem(0x00000150, 0x4 Bytes, ...)
T446C 010:658.828   CPU_ReadMem(4 bytes @ 0x00000150)
T446C 010:659.542   Data:  00 28 FB D1
T446C 010:659.563 - 0.748ms returns 0
T446C 010:659.829 JLINK_IsHalted()
T446C 010:659.840 - 0.010ms returns TRUE
T446C 010:659.844 JLINK_ReadMem(0x0000015C, 0x4 Bytes, ...)
T446C 010:659.852   CPU_ReadMem(4 bytes @ 0x0000015C)
T446C 010:660.582   Data:  08 BD 08 B5
T446C 010:660.593 - 0.749ms returns 0
T446C 010:660.754 JLINK_IsHalted()
T446C 010:660.759 - 0.005ms returns TRUE
T446C 010:660.763 JLINK_ReadMem(0x00103940, 0x40 Bytes, ...)
T446C 010:660.770   CPU_ReadMem(64 bytes @ 0x00103940)
T446C 010:662.325   Data:  61 B2 8F 07 D7 51 9D 07 A8 87 87 07 F7 59 47 07 ...
T446C 010:662.334 - 1.571ms returns 0
T446C 010:662.502 JLINK_IsHalted()
T446C 010:662.513 - 0.010ms returns TRUE
T446C 010:662.517 JLINK_ReadMem(0x000001E4, 0x4 Bytes, ...)
T446C 010:662.523   CPU_ReadMem(4 bytes @ 0x000001E4)
T446C 010:663.235   Data:  08 BD 92 00
T446C 010:663.253 - 0.736ms returns 0
T446C 010:663.459 JLINK_IsHalted()
T446C 010:663.465 - 0.005ms returns TRUE
T446C 010:663.469 JLINK_ReadMem(0x0000010C, 0x4 Bytes, ...)
T446C 010:663.475   CPU_ReadMem(4 bytes @ 0x0000010C)
T446C 010:664.207   Data:  4F F4 7A 71
T446C 010:664.219 - 0.749ms returns 0
T446C 010:664.374 JLINK_IsHalted()
T446C 010:664.385 - 0.011ms returns TRUE
T446C 010:664.389 JLINK_ReadMem(0x00000148, 0x4 Bytes, ...)
T446C 010:664.397   CPU_ReadMem(4 bytes @ 0x00000148)
T446C 010:665.096   Data:  00 20 08 BD
T446C 010:665.123 - 0.732ms returns 0
T446C 011:224.838 JLINK_ResetPullsRESET(ON)
T446C 011:224.858 - 0.020ms
T446C 011:224.864 JLINK_Halt()
T446C 011:225.096 - 0.232ms returns 0x00
T446C 011:225.111 JLINK_IsHalted()
T446C 011:225.118 - 0.007ms returns TRUE
T446C 011:225.123 JLINK_Reset()
T446C 011:225.145   ResetTarget() start
T446C 011:225.150    J-Link Script File: Executing ResetTarget()
T446C 011:225.157   Reset: Halt core immediately after reset using reset catch.
T446C 011:428.713   Authenticated device detected. Skipping authentication process.
T446C 011:428.734     OCDREG_STATUS: 0x00000001
T446C 011:429.394   Disabled core power domain detected.
T446C 011:430.510   Enabling debug mode...
T446C 011:431.338   ResetTarget() end - Took 206ms
T446C 011:438.617 - 213.492ms
T446C 011:438.656 JLINK_SetEndian(ARM_ENDIAN_LITTLE)
T446C 011:438.664 - 0.007ms returns 0
T446C 011:567.174 JLINK_IsHalted()
T446C 011:567.205 - 0.031ms returns TRUE
T446C 011:567.220 JLINK_ReadReg(AARCH32_PC)
T446C 011:567.233 - 0.013ms returns 0x00000150
T446C 011:567.246 JLINK_ReadReg(AARCH32_CPSR)
T446C 011:567.254 - 0.008ms returns 0x20000033
T446C 011:567.264 JLINK_ReadReg(AARCH32_PC)
T446C 011:567.272 - 0.008ms returns 0x00000150
T446C 011:567.282 JLINK_ReadReg(AARCH32_CPSR)
T446C 011:567.291 - 0.008ms returns 0x20000033
T446C 011:567.300 JLINK_IsHalted()
T446C 011:567.308 - 0.008ms returns TRUE
T446C 011:567.317 JLINK_ReadReg(AARCH32_CPSR)
T446C 011:567.326 - 0.008ms returns 0x20000033
T446C 011:567.335 JLINK_ReadReg(AARCH32_PC)
T446C 011:567.344 - 0.008ms returns 0x00000150
T446C 011:567.353 JLINK_ReadReg(AARCH32_CPSR)
T446C 011:567.362 - 0.008ms returns 0x20000033
T446C 011:567.988 JLINK_ReadRegs(NumRegs = 17, Indexes: 116, 117, 118, 119, 120, 121, 122, 123, 189, 190, 191, 192, 193, 194, 195, 147, 149)
T446C 011:568.082    -- AARCH32_R0=0x67B9AF, AARCH32_R1=0x00, AARCH32_R2=0x00, AARCH32_R3=0x00, AARCH32_R4=0x102000, AARCH32_R5=0x78FB261, AARCH32_R6=0x79D51D7, AARCH32_R7=0x78787A8, AARCH32_R8=0x74759F7, AARCH32_R9=0x78787A8, AARCH32_R10=0xF8704D9E, AARCH32_R11=0x00, AARCH32_R12=0x00, AARCH32_R13=0x103960, AARCH32_R14=0x15D, AARCH32_PC=0x150, AARCH32_CPSR=0x20000033
T446C 011:568.096 - 0.107ms returns 0x00
T446C 011:569.134 JLINK_IsHalted()
T446C 011:569.157 - 0.022ms returns TRUE
T446C 011:569.167 JLINK_ReadMem(0x00000150, 0x4 Bytes, ...)
T446C 011:569.189   CPU_ReadMem(4 bytes @ 0x00000150)
T446C 011:569.906   Data:  00 28 FB D1
T446C 011:569.933 - 0.765ms returns 0
T446C 011:570.309 JLINK_IsHalted()
T446C 011:570.324 - 0.014ms returns TRUE
T446C 011:570.334 JLINK_ReadMem(0x0000015C, 0x4 Bytes, ...)
T446C 011:570.350   CPU_ReadMem(4 bytes @ 0x0000015C)
T446C 011:571.083   Data:  08 BD 08 B5
T446C 011:571.097 - 0.764ms returns 0
T446C 011:571.333 JLINK_IsHalted()
T446C 011:571.353 - 0.019ms returns TRUE
T446C 011:571.362 JLINK_ReadMem(0x00103940, 0x40 Bytes, ...)
T446C 011:571.377   CPU_ReadMem(64 bytes @ 0x00103940)
T446C 011:572.914   Data:  61 B2 8F 07 D7 51 9D 07 A8 87 87 07 F7 59 47 07 ...
T446C 011:572.941 - 1.578ms returns 0
T446C 011:573.231 JLINK_IsHalted()
T446C 011:573.243 - 0.011ms returns TRUE
T446C 011:573.253 JLINK_ReadMem(0x000001E4, 0x4 Bytes, ...)
T446C 011:573.263   CPU_ReadMem(4 bytes @ 0x000001E4)
T446C 011:573.954   Data:  08 BD 92 00
T446C 011:573.963 - 0.710ms returns 0
T446C 011:599.392 JLINK_IsHalted()
T446C 011:599.418 - 0.026ms returns TRUE
T446C 011:599.423 JLINK_ReadMem(0x00000150, 0x4 Bytes, ...)
T446C 011:599.438   CPU_ReadMem(4 bytes @ 0x00000150)
T446C 011:600.125   Data:  00 28 FB D1
T446C 011:600.138 - 0.714ms returns 0
T446C 011:600.310 JLINK_IsHalted()
T446C 011:600.316 - 0.006ms returns TRUE
T446C 011:600.320 JLINK_ReadMem(0x0000015C, 0x4 Bytes, ...)
T446C 011:600.326   CPU_ReadMem(4 bytes @ 0x0000015C)
T446C 011:601.045   Data:  08 BD 08 B5
T446C 011:601.064 - 0.743ms returns 0
T446C 011:601.232 JLINK_IsHalted()
T446C 011:601.239 - 0.007ms returns TRUE
T446C 011:601.243 JLINK_ReadMem(0x00103940, 0x40 Bytes, ...)
T446C 011:601.250   CPU_ReadMem(64 bytes @ 0x00103940)
T446C 011:602.792   Data:  61 B2 8F 07 D7 51 9D 07 A8 87 87 07 F7 59 47 07 ...
T446C 011:602.815 - 1.571ms returns 0
T446C 011:603.062 JLINK_IsHalted()
T446C 011:603.074 - 0.012ms returns TRUE
T446C 011:603.081 JLINK_ReadMem(0x000001E4, 0x4 Bytes, ...)
T446C 011:603.093   CPU_ReadMem(4 bytes @ 0x000001E4)
T446C 011:603.752   Data:  08 BD 92 00
T446C 011:603.775 - 0.693ms returns 0
T446C 011:603.993 JLINK_IsHalted()
T446C 011:603.999 - 0.005ms returns TRUE
T446C 011:604.003 JLINK_ReadMem(0x0000010C, 0x4 Bytes, ...)
T446C 011:604.009   CPU_ReadMem(4 bytes @ 0x0000010C)
T446C 011:604.733   Data:  4F F4 7A 71
T446C 011:604.759 - 0.755ms returns 0
T446C 011:604.938 JLINK_IsHalted()
T446C 011:604.944 - 0.005ms returns TRUE
T446C 011:604.948 JLINK_ReadMem(0x00000148, 0x4 Bytes, ...)
T446C 011:604.953   CPU_ReadMem(4 bytes @ 0x00000148)
T446C 011:605.621   Data:  00 20 08 BD
T446C 011:605.640 - 0.692ms returns 0
T446C 015:027.174 JLINK_IsHalted()
T446C 015:027.504 - 0.328ms returns TRUE
T446C 015:027.526 JLINK_ReadMem(0x0000010C, 0x2 Bytes, ...)
T446C 015:027.548   CPU_ReadMem(2 bytes @ 0x0000010C)
T446C 015:028.106   Data:  4F F4
T446C 015:028.124 - 0.597ms returns 0
T446C 015:028.359 JLINK_IsHalted()
T446C 015:028.372 - 0.011ms returns TRUE
T446C 015:028.376 JLINK_ReadMem(0x00000100, 0x40 Bytes, ...)
T446C 015:028.387   CPU_ReadMem(64 bytes @ 0x00000100)
T446C 015:029.944   Data:  08 B5 4F F4 7A 71 C8 20 00 F0 29 F8 4F F4 7A 71 ...
T446C 015:029.974 - 1.597ms returns 0
T446C 015:030.393 JLINK_IsHalted()
T446C 015:030.405 - 0.010ms returns TRUE
T446C 015:030.409 JLINK_ReadMem(0x0000010C, 0x2 Bytes, ...)
T446C 015:030.420   CPU_ReadMem(2 bytes @ 0x0000010C)
T446C 015:031.030   Data:  4F F4
T446C 015:031.053 - 0.644ms returns 0
T446C 015:031.569 JLINK_ClrBPEx(BPHandle = 0x00000005)
T446C 015:031.595 - 0.026ms returns 0x00
T446C 015:031.607 JLINK_ClrBPEx(BPHandle = 0x00000006)
T446C 015:031.618 - 0.010ms returns 0x00
T446C 015:031.636 JLINK_SetBPEx(Addr = 0x00000102, Type = 0xFFFFFF00)
T446C 015:031.649 - 0.012ms returns 0x00000007
T446C 015:031.660 JLINK_SetBPEx(Addr = 0x00000144, Type = 0xFFFFFF00)
T446C 015:031.670 - 0.010ms returns 0x00000008
T446C 015:031.681 JLINK_SetBPEx(Addr = 0x0000010C, Type = 0xFFFFFF00)
T446C 015:031.691 - 0.010ms returns 0x00000009
T446C 015:984.040 JLINK_ClrBPEx(BPHandle = 0x00000007)
T446C 015:984.316 - 0.274ms returns 0x00
T446C 015:984.329 JLINK_ClrBPEx(BPHandle = 0x00000008)
T446C 015:984.336 - 0.006ms returns 0x00
T446C 015:984.340 JLINK_ClrBPEx(BPHandle = 0x00000009)
T446C 015:984.344 - 0.003ms returns 0x00
T446C 015:984.352 JLINK_SetBPEx(Addr = 0x00000144, Type = 0xFFFFFF00)
T446C 015:984.358 - 0.005ms returns 0x0000000A
T446C 015:984.361 JLINK_SetBPEx(Addr = 0x0000010C, Type = 0xFFFFFF00)
T446C 015:984.365 - 0.003ms returns 0x0000000B
T446C 017:920.442 JLINK_ResetPullsRESET(ON)
T446C 017:920.470 - 0.029ms
T446C 017:920.479 JLINK_Halt()
T446C 017:920.790 - 0.310ms returns 0x00
T446C 017:920.805 JLINK_IsHalted()
T446C 017:920.811 - 0.005ms returns TRUE
T446C 017:920.815 JLINK_Reset()
T446C 017:920.828   ResetTarget() start
T446C 017:920.833    J-Link Script File: Executing ResetTarget()
T446C 017:920.837   Reset: Halt core immediately after reset using reset catch.
T446C 018:123.945   Authenticated device detected. Skipping authentication process.
T446C 018:123.965     OCDREG_STATUS: 0x00000001
T446C 018:124.640   Disabled core power domain detected.
T446C 018:125.662   Enabling debug mode...
T446C 018:126.463   ResetTarget() end - Took 205ms
T446C 018:133.815 - 212.999ms
T446C 018:133.837 JLINK_SetEndian(ARM_ENDIAN_LITTLE)
T446C 018:133.843 - 0.005ms returns 0
T446C 018:155.491 JLINK_ClrBPEx(BPHandle = 0x0000000A)
T446C 018:155.515 - 0.023ms returns 0x00
T446C 018:155.519 JLINK_ClrBPEx(BPHandle = 0x0000000B)
T446C 018:155.523 - 0.003ms returns 0x00
T446C 018:155.530 JLINK_SetBPEx(Addr = 0x00000144, Type = 0xFFFFFF00)
T446C 018:155.536 - 0.005ms returns 0x0000000C
T446C 018:155.540 JLINK_SetBPEx(Addr = 0x0000010C, Type = 0xFFFFFF00)
T446C 018:155.544 - 0.004ms returns 0x0000000D
T446C 018:155.548 JLINK_SetBPEx(Addr = 0x00000142, Type = 0xFFFFFF00)
T446C 018:155.552 - 0.003ms returns 0x0000000E
T446C 018:155.557 JLINK_ClrBPEx(BPHandle = 0x0000000C)
T446C 018:155.561 - 0.003ms returns 0x00
T446C 018:155.565 JLINK_ClrBPEx(BPHandle = 0x0000000D)
T446C 018:155.568 - 0.003ms returns 0x00
T446C 018:155.572 JLINK_ClrBPEx(BPHandle = 0x0000000E)
T446C 018:155.575 - 0.003ms returns 0x00
T446C 018:155.580 JLINK_SetBPEx(Addr = 0x00000144, Type = 0xFFFFFF00)
T446C 018:155.583 - 0.003ms returns 0x0000000F
T446C 018:155.587 JLINK_SetBPEx(Addr = 0x0000010C, Type = 0xFFFFFF00)
T446C 018:155.591 - 0.003ms returns 0x00000010
T446C 018:165.965 JLINK_IsHalted()
T446C 018:165.983 - 0.018ms returns TRUE
T446C 018:165.988 JLINK_ReadMem(0x00000140, 0x40 Bytes, ...)
T446C 018:166.003   CPU_ReadMem(64 bytes @ 0x00000140)
T446C 018:167.612   Data:  E4 E7 08 B5 FF F7 DC FF 00 20 08 BD A0 F1 01 00 ...
T446C 018:167.624 - 1.636ms returns 0
T446C 018:167.881 JLINK_IsHalted()
T446C 018:167.890 - 0.009ms returns TRUE
T446C 018:167.897 JLINK_ReadMem(0x00000144, 0x2 Bytes, ...)
T446C 018:167.908   CPU_ReadMem(2 bytes @ 0x00000144)
T446C 018:168.439   Data:  FF F7
T446C 018:168.446 - 0.549ms returns 0
T446C 018:182.264 JLINK_ReadRegs(NumRegs = 17, Indexes: 116, 117, 118, 119, 120, 121, 122, 123, 189, 190, 191, 192, 193, 194, 195, 147, 149)
T446C 018:182.301    -- AARCH32_R0=0x68278C, AARCH32_R1=0x00, AARCH32_R2=0x00, AARCH32_R3=0x00, AARCH32_R4=0x102000, AARCH32_R5=0x78FB261, AARCH32_R6=0x79D51D7, AARCH32_R7=0x78787A8, AARCH32_R8=0x74759F7, AARCH32_R9=0x78787A8, AARCH32_R10=0xF8704D9E, AARCH32_R11=0x00, AARCH32_R12=0x00, AARCH32_R13=0x103960, AARCH32_R14=0x15D, AARCH32_PC=0x14C, AARCH32_CPSR=0x20000033
T446C 018:182.319 - 0.055ms returns 0x00
T446C 018:183.590 JLINK_IsHalted()
T446C 018:183.616 - 0.025ms returns TRUE
T446C 018:183.624 JLINK_ReadMem(0x00000140, 0x40 Bytes, ...)
T446C 018:183.644   CPU_ReadMem(64 bytes @ 0x00000140)
T446C 018:185.360   Data:  E4 E7 08 B5 FF F7 DC FF 00 20 08 BD A0 F1 01 00 ...
T446C 018:185.392 - 1.766ms returns 0
T446C 018:185.845 JLINK_IsHalted()
T446C 018:185.869 - 0.024ms returns TRUE
T446C 018:185.878 JLINK_ReadMem(0x00000144, 0x2 Bytes, ...)
T446C 018:185.894   CPU_ReadMem(2 bytes @ 0x00000144)
T446C 018:186.470   Data:  FF F7
T446C 018:186.499 - 0.621ms returns 0
T446C 018:186.951 JLINK_IsHalted()
T446C 018:186.961 - 0.010ms returns TRUE
T446C 018:186.966 JLINK_ReadMem(0x0000010C, 0x2 Bytes, ...)
T446C 018:186.975   CPU_ReadMem(2 bytes @ 0x0000010C)
T446C 018:187.512   Data:  4F F4
T446C 018:187.523 - 0.556ms returns 0
T446C 018:187.796 JLINK_IsHalted()
T446C 018:187.812 - 0.016ms returns TRUE
T446C 018:187.820 JLINK_ReadMem(0x00000100, 0x40 Bytes, ...)
T446C 018:187.832   CPU_ReadMem(64 bytes @ 0x00000100)
T446C 018:189.439   Data:  08 B5 4F F4 7A 71 C8 20 00 F0 29 F8 4F F4 7A 71 ...
T446C 018:189.452 - 1.632ms returns 0
T446C 018:189.828 JLINK_IsHalted()
T446C 018:189.835 - 0.007ms returns TRUE
T446C 018:189.839 JLINK_ReadMem(0x0000010C, 0x2 Bytes, ...)
T446C 018:189.849   CPU_ReadMem(2 bytes @ 0x0000010C)
T446C 018:190.430   Data:  4F F4
T446C 018:190.444 - 0.605ms returns 0
T446C 018:191.434 JLINK_IsHalted()
T446C 018:191.454 - 0.019ms returns TRUE
T446C 018:191.462 JLINK_ReadMem(0x00000144, 0x2 Bytes, ...)
T446C 018:191.477   CPU_ReadMem(2 bytes @ 0x00000144)
T446C 018:192.028   Data:  FF F7
T446C 018:192.040 - 0.577ms returns 0
T446C 018:192.348 JLINK_ClrBPEx(BPHandle = 0x0000000F)
T446C 018:192.370 - 0.022ms returns 0x00
T446C 018:192.378 JLINK_ClrBPEx(BPHandle = 0x00000010)
T446C 018:192.385 - 0.006ms returns 0x00
T446C 018:192.398 JLINK_SetBPEx(Addr = 0x00000144, Type = 0xFFFFFF00)
T446C 018:192.408 - 0.009ms returns 0x00000011
T446C 018:192.415 JLINK_SetBPEx(Addr = 0x0000010C, Type = 0xFFFFFF00)
T446C 018:192.422 - 0.006ms returns 0x00000012
T446C 018:193.898 JLINK_ClrBPEx(BPHandle = 0x00000011)
T446C 018:193.925 - 0.027ms returns 0x00
T446C 018:193.931 JLINK_ClrBPEx(BPHandle = 0x00000012)
T446C 018:193.936 - 0.005ms returns 0x00
T446C 018:193.949 JLINK_SetBPEx(Addr = 0x00000144, Type = 0xFFFFFF00)
T446C 018:193.955 - 0.006ms returns 0x00000013
T446C 018:193.960 JLINK_SetBPEx(Addr = 0x0000010C, Type = 0xFFFFFF00)
T446C 018:193.965 - 0.005ms returns 0x00000014
T446C 018:194.555 JLINK_STRACE_Read(..., NumItems = 0x10000)
T446C 018:194.581   
  ***** Error: 
T446C 018:194.587   Debugger tries to use on-chip trace buffer but the connected MCU does not provide an on-chip trace buffer (e.g. ETB/MTB/...)
T446C 018:194.592 - 0.037ms NumItemsRead = 0xFFFFFFFF
T446C 018:194.600 JLINK_IsHalted()
T446C 018:194.605 - 0.004ms returns TRUE
T446C 018:194.610 JLINK_STRACE_Read(..., NumItems = 0x10000)
T446C 018:194.614 - 0.004ms NumItemsRead = 0xFFFFFFFF
T446C 018:194.619 JLINK_GoEx(MaxEmulInsts = 0, Flags = 0x01)
T446C 018:228.271   Memory map 'after startup completion point' is active
T446C 018:228.290 - 33.671ms
T446C 018:332.719 JLINK_IsHalted()
T446C 018:333.006 - 0.286ms returns FALSE
T446C 018:333.028 JLINK_IsHalted()
T446C 018:333.292 - 0.263ms returns FALSE
T446C 018:441.665 JLINK_IsHalted()
T446C 018:449.301 - 7.634ms returns TRUE
T446C 018:449.342 JLINK_ReadReg(AARCH32_PC)
T446C 018:449.357 - 0.016ms returns 0x0000010C
T446C 018:449.364 JLINK_ReadReg(AARCH32_CPSR)
T446C 018:449.368 - 0.003ms returns 0x60000033
T446C 018:449.372 JLINK_ReadReg(AARCH32_PC)
T446C 018:449.375 - 0.003ms returns 0x0000010C
T446C 018:449.379 JLINK_ReadReg(AARCH32_CPSR)
T446C 018:449.382 - 0.003ms returns 0x60000033
T446C 018:449.387 JLINK_IsHalted()
T446C 018:449.390 - 0.003ms returns TRUE
T446C 018:449.397 JLINK_ReadReg(AARCH32_CPSR)
T446C 018:449.402 - 0.005ms returns 0x60000033
T446C 018:449.406 JLINK_ReadReg(AARCH32_PC)
T446C 018:449.410 - 0.003ms returns 0x0000010C
T446C 018:449.414 JLINK_ReadReg(AARCH32_CPSR)
T446C 018:449.417 - 0.003ms returns 0x60000033
T446C 018:449.909 JLINK_ReadRegs(NumRegs = 17, Indexes: 116, 117, 118, 119, 120, 121, 122, 123, 189, 190, 191, 192, 193, 194, 195, 147, 149)
T446C 018:449.925    -- AARCH32_R0=0x00, AARCH32_R1=0x00, AARCH32_R2=0x00, AARCH32_R3=0x401, AARCH32_R4=0x102000, AARCH32_R5=0x78FB261, AARCH32_R6=0x79D51D7, AARCH32_R7=0x78787A8, AARCH32_R8=0x74759F7, AARCH32_R9=0x78787A8, AARCH32_R10=0xF8704D9E, AARCH32_R11=0x00, AARCH32_R12=0x00, AARCH32_R13=0x103970, AARCH32_R14=0x15D, AARCH32_PC=0x10C, AARCH32_CPSR=0x60000033
T446C 018:449.933 - 0.023ms returns 0x00
T446C 018:450.783 JLINK_IsHalted()
T446C 018:450.806 - 0.022ms returns TRUE
T446C 018:450.814 JLINK_ReadMem(0x0000010C, 0x4 Bytes, ...)
T446C 018:450.832   CPU_ReadMem(64 bytes @ 0x00000100)
T446C 018:452.412    -- Updating DA cache (64 bytes @ 0x00000100)
T446C 018:452.426    -- Read from DA cache (4 bytes @ 0x0000010C)
T446C 018:452.432   Data:  4F F4 7A 71
T446C 018:452.437 - 1.622ms returns 0
T446C 018:464.023 JLINK_IsHalted()
T446C 018:464.045 - 0.022ms returns TRUE
T446C 018:464.050 JLINK_ReadMem(0x0000010C, 0x4 Bytes, ...)
T446C 018:464.060    -- Read from DA cache (4 bytes @ 0x0000010C)
T446C 018:464.066   Data:  4F F4 7A 71
T446C 018:464.071 - 0.020ms returns 0
T446C 018:464.712 JLINK_IsHalted()
T446C 018:464.728 - 0.015ms returns TRUE
T446C 018:464.732 JLINK_ReadMem(0x00103940, 0x40 Bytes, ...)
T446C 018:464.745   CPU_ReadMem(64 bytes @ 0x00103940)
T446C 018:466.358   Data:  61 B2 8F 07 D7 51 9D 07 A8 87 87 07 F7 59 47 07 ...
T446C 018:466.371 - 1.639ms returns 0
T446C 018:466.604 JLINK_IsHalted()
T446C 018:466.616 - 0.011ms returns TRUE
T446C 018:466.620 JLINK_ReadMem(0x00000148, 0x4 Bytes, ...)
T446C 018:466.628   CPU_ReadMem(64 bytes @ 0x00000140)
T446C 018:468.167    -- Updating DA cache (64 bytes @ 0x00000140)
T446C 018:468.181    -- Read from DA cache (4 bytes @ 0x00000148)
T446C 018:468.186   Data:  00 20 08 BD
T446C 018:468.192 - 1.572ms returns 0
T446C 021:592.427 JLINK_ClrBPEx(BPHandle = 0x00000013)
T446C 021:592.724 - 0.297ms returns 0x00
T446C 021:592.741 JLINK_ClrBPEx(BPHandle = 0x00000014)
T446C 021:592.748 - 0.006ms returns 0x00
T446C 021:592.756 JLINK_SetBPEx(Addr = 0x00000144, Type = 0xFFFFFF00)
T446C 021:592.762 - 0.006ms returns 0x00000015
T446C 021:592.971 JLINK_STRACE_Read(..., NumItems = 0x10000)
T446C 021:592.983 - 0.012ms NumItemsRead = 0xFFFFFFFF
T446C 021:592.992 JLINK_Step()
T446C 021:593.002    -- Read from DA cache (4 bytes @ 0x0000010C)
T446C 021:593.007   -- Not simulated
T446C 021:602.560 - 9.567ms returns 0
T446C 021:603.157 JLINK_ClrBPEx(BPHandle = 0x00000015)
T446C 021:603.173 - 0.016ms returns 0x00
T446C 021:603.180 JLINK_SetBPEx(Addr = 0x00000144, Type = 0xFFFFFF00)
T446C 021:603.185 - 0.004ms returns 0x00000016
T446C 021:603.188 JLINK_SetBPEx(Addr = 0x0000010C, Type = 0xFFFFFF00)
T446C 021:603.192 - 0.003ms returns 0x00000017
T446C 021:603.759 JLINK_ReadRegs(NumRegs = 17, Indexes: 116, 117, 118, 119, 120, 121, 122, 123, 189, 190, 191, 192, 193, 194, 195, 147, 149)
T446C 021:603.776    -- AARCH32_R0=0x00, AARCH32_R1=0x3E8, AARCH32_R2=0x00, AARCH32_R3=0x401, AARCH32_R4=0x102000, AARCH32_R5=0x78FB261, AARCH32_R6=0x79D51D7, AARCH32_R7=0x78787A8, AARCH32_R8=0x74759F7, AARCH32_R9=0x78787A8, AARCH32_R10=0xF8704D9E, AARCH32_R11=0x00, AARCH32_R12=0x00, AARCH32_R13=0x103970, AARCH32_R14=0x15D, AARCH32_PC=0x110, AARCH32_CPSR=0x60000033
T446C 021:603.781 - 0.021ms returns 0x00
T446C 021:604.067 JLINK_STRACE_Read(..., NumItems = 0x10000)
T446C 021:604.076 - 0.008ms NumItemsRead = 0xFFFFFFFF
T446C 021:604.083 JLINK_IsHalted()
T446C 021:604.086 - 0.003ms returns TRUE
T446C 021:604.090 JLINK_STRACE_Read(..., NumItems = 0x10000)
T446C 021:604.093 - 0.003ms NumItemsRead = 0xFFFFFFFF
T446C 021:604.097 JLINK_GoEx(MaxEmulInsts = 0, Flags = 0x01)
T446C 021:606.791 - 2.693ms
T446C 021:707.602 JLINK_IsHalted()
T446C 021:707.855 - 0.252ms returns FALSE
T446C 021:707.860 JLINK_IsHalted()
T446C 021:708.080 - 0.218ms returns FALSE
T446C 021:817.772 JLINK_IsHalted()
T446C 021:818.022 - 0.250ms returns FALSE
T446C 021:818.036 JLINK_IsHalted()
T446C 021:818.234 - 0.197ms returns FALSE
T446C 021:926.136 JLINK_IsHalted()
T446C 021:926.656 - 0.518ms returns FALSE
T446C 021:926.671 JLINK_IsHalted()
T446C 021:926.916 - 0.244ms returns FALSE
T446C 022:035.317 JLINK_IsHalted()
T446C 022:041.906 - 6.585ms returns TRUE
T446C 022:041.961 JLINK_ReadReg(AARCH32_PC)
T446C 022:041.974 - 0.013ms returns 0x0000010C
T446C 022:042.020 JLINK_ReadReg(AARCH32_CPSR)
T446C 022:042.035 - 0.014ms returns 0x40000033
T446C 022:042.043 JLINK_ReadReg(AARCH32_PC)
T446C 022:042.050 - 0.006ms returns 0x0000010C
T446C 022:042.058 JLINK_ReadReg(AARCH32_CPSR)
T446C 022:042.064 - 0.006ms returns 0x40000033
T446C 022:042.073 JLINK_IsHalted()
T446C 022:042.082 - 0.008ms returns TRUE
T446C 022:042.089 JLINK_ReadReg(AARCH32_CPSR)
T446C 022:042.095 - 0.005ms returns 0x40000033
T446C 022:042.102 JLINK_ReadReg(AARCH32_PC)
T446C 022:042.108 - 0.005ms returns 0x0000010C
T446C 022:042.115 JLINK_ReadReg(AARCH32_CPSR)
T446C 022:042.121 - 0.006ms returns 0x40000033
T446C 022:043.311 JLINK_ReadRegs(NumRegs = 17, Indexes: 116, 117, 118, 119, 120, 121, 122, 123, 189, 190, 191, 192, 193, 194, 195, 147, 149)
T446C 022:043.333    -- AARCH32_R0=0x00, AARCH32_R1=0x01, AARCH32_R2=0x00, AARCH32_R3=0x81030000, AARCH32_R4=0x66C, AARCH32_R5=0x78FB261, AARCH32_R6=0x79D51D7, AARCH32_R7=0x78787A8, AARCH32_R8=0x74759F7, AARCH32_R9=0x78787A8, AARCH32_R10=0xF8704D9E, AARCH32_R11=0x00, AARCH32_R12=0x01, AARCH32_R13=0x103970, AARCH32_R14=0x141, AARCH32_PC=0x10C, AARCH32_CPSR=0x40000033
T446C 022:043.339 - 0.027ms returns 0x00
T446C 022:044.106 JLINK_IsHalted()
T446C 022:044.121 - 0.013ms returns TRUE
T446C 022:044.125 JLINK_ReadMem(0x0000010C, 0x4 Bytes, ...)
T446C 022:044.140   CPU_ReadMem(64 bytes @ 0x00000100)
T446C 022:045.682    -- Updating DA cache (64 bytes @ 0x00000100)
T446C 022:045.694    -- Read from DA cache (4 bytes @ 0x0000010C)
T446C 022:045.700   Data:  4F F4 7A 71
T446C 022:045.705 - 1.579ms returns 0
T446C 022:067.789 JLINK_IsHalted()
T446C 022:067.813 - 0.024ms returns TRUE
T446C 022:067.818 JLINK_ReadMem(0x0000010C, 0x4 Bytes, ...)
T446C 022:067.829    -- Read from DA cache (4 bytes @ 0x0000010C)
T446C 022:067.834   Data:  4F F4 7A 71
T446C 022:067.839 - 0.021ms returns 0
T446C 022:068.101 JLINK_IsHalted()
T446C 022:068.123 - 0.021ms returns TRUE
T446C 022:068.131 JLINK_ReadMem(0x00103940, 0x40 Bytes, ...)
T446C 022:068.149   CPU_ReadMem(64 bytes @ 0x00103940)
T446C 022:069.759   Data:  61 B2 8F 07 D7 51 9D 07 A8 87 87 07 F7 59 47 07 ...
T446C 022:069.781 - 1.649ms returns 0
T446C 022:070.125 JLINK_IsHalted()
T446C 022:070.145 - 0.020ms returns TRUE
T446C 022:070.158 JLINK_ReadMem(0x00000148, 0x4 Bytes, ...)
T446C 022:070.178   CPU_ReadMem(64 bytes @ 0x00000140)
T446C 022:071.748    -- Updating DA cache (64 bytes @ 0x00000140)
T446C 022:071.767    -- Read from DA cache (4 bytes @ 0x00000148)
T446C 022:071.779   Data:  00 20 08 BD
T446C 022:071.789 - 1.635ms returns 0
TA6F8 173:039.368 JLINK_ClrBPEx(BPHandle = 0x00000016)
TA6F8 173:039.694 - 0.325ms returns 0x00
TA6F8 173:039.706 JLINK_ClrBPEx(BPHandle = 0x00000017)
TA6F8 173:039.713 - 0.006ms returns 0x00
TA6F8 173:039.722 JLINK_Halt()
TA6F8 173:039.725 - 0.003ms returns 0x00
TA6F8 173:039.731 JLINK_ReadReg(AARCH32_CPSR)
TA6F8 173:039.736 - 0.005ms returns 0x40000033
TA6F8 173:049.319 JLINK_Close()
TA6F8 173:069.080 - 19.759ms
TA6F8 173:069.099   
TA6F8 173:069.103   Closed
